0 info it worked if it ends with ok
1 verbose cli [ '/usr/local/bin/node', '/usr/local/bin/npm', 'install' ]
2 info using npm@2.15.8
3 info using node@v4.4.7
4 verbose readDependencies loading dependencies from /Users/didelco/Documents/node/nessy/package.json
5 verbose install where, deps [ '/Users/didelco/Documents/node/nessy',
5 verbose install   [ 'express', 'socket.io', 'serialport' ] ]
6 verbose install where, peers [ '/Users/didelco/Documents/node/nessy', [] ]
7 verbose installManyTop reading for lifecycle /Users/didelco/Documents/node/nessy/package.json
8 info preinstall nessy@0.0.1
9 verbose installManyTop reading scoped package data from /Users/didelco/Documents/node/nessy/node_modules/express/package.json
10 verbose installManyTop reading scoped package data from /Users/didelco/Documents/node/nessy/node_modules/serialport/package.json
11 verbose installManyTop reading scoped package data from /Users/didelco/Documents/node/nessy/node_modules/socket.io/package.json
12 verbose readDependencies loading dependencies from /Users/didelco/Documents/node/nessy/package.json
13 verbose targetResolver reading package data from /Users/didelco/Documents/node/nessy/node_modules/express/package.json
14 verbose targetResolver reading package data from /Users/didelco/Documents/node/nessy/node_modules/serialport/package.json
15 verbose targetResolver reading package data from /Users/didelco/Documents/node/nessy/node_modules/socket.io/package.json
16 verbose targetResolver reading package data from /Users/didelco/Documents/node/nessy/node_modules/.bin/serialport-list/package.json
17 verbose targetResolver reading package data from /Users/didelco/Documents/node/nessy/node_modules/.bin/serialport-term/package.json
18 silly cache add args [ 'serialport@~1.4.8', null ]
19 verbose cache add spec serialport@~1.4.8
20 silly cache add parsed spec Result {
20 silly cache add   raw: 'serialport@~1.4.8',
20 silly cache add   scope: null,
20 silly cache add   name: 'serialport',
20 silly cache add   rawSpec: '~1.4.8',
20 silly cache add   spec: '>=1.4.8 <1.5.0',
20 silly cache add   type: 'range' }
21 silly addNamed serialport@>=1.4.8 <1.5.0
22 verbose addNamed ">=1.4.8 <1.5.0" is a valid semver range for serialport
23 silly addNameRange { name: 'serialport', range: '>=1.4.8 <1.5.0', hasData: false }
24 silly mapToRegistry name serialport
25 silly mapToRegistry using default registry
26 silly mapToRegistry registry https://registry.npmjs.org/
27 silly mapToRegistry data Result {
27 silly mapToRegistry   raw: 'serialport',
27 silly mapToRegistry   scope: null,
27 silly mapToRegistry   name: 'serialport',
27 silly mapToRegistry   rawSpec: '',
27 silly mapToRegistry   spec: 'latest',
27 silly mapToRegistry   type: 'tag' }
28 silly mapToRegistry uri https://registry.npmjs.org/serialport
29 verbose addNameRange registry:https://registry.npmjs.org/serialport not in flight; fetching
30 silly cache add args [ 'express@~4.13.4', null ]
31 verbose cache add spec express@~4.13.4
32 silly cache add parsed spec Result {
32 silly cache add   raw: 'express@~4.13.4',
32 silly cache add   scope: null,
32 silly cache add   name: 'express',
32 silly cache add   rawSpec: '~4.13.4',
32 silly cache add   spec: '>=4.13.4 <4.14.0',
32 silly cache add   type: 'range' }
33 silly addNamed express@>=4.13.4 <4.14.0
34 verbose addNamed ">=4.13.4 <4.14.0" is a valid semver range for express
35 silly addNameRange { name: 'express', range: '>=4.13.4 <4.14.0', hasData: false }
36 silly mapToRegistry name express
37 silly mapToRegistry using default registry
38 silly mapToRegistry registry https://registry.npmjs.org/
39 silly mapToRegistry data Result {
39 silly mapToRegistry   raw: 'express',
39 silly mapToRegistry   scope: null,
39 silly mapToRegistry   name: 'express',
39 silly mapToRegistry   rawSpec: '',
39 silly mapToRegistry   spec: 'latest',
39 silly mapToRegistry   type: 'tag' }
40 silly mapToRegistry uri https://registry.npmjs.org/express
41 verbose addNameRange registry:https://registry.npmjs.org/express not in flight; fetching
42 silly cache add args [ 'socket.io@~4.0.1', null ]
43 verbose cache add spec socket.io@~4.0.1
44 silly cache add parsed spec Result {
44 silly cache add   raw: 'socket.io@~4.0.1',
44 silly cache add   scope: null,
44 silly cache add   name: 'socket.io',
44 silly cache add   rawSpec: '~4.0.1',
44 silly cache add   spec: '>=4.0.1 <4.1.0',
44 silly cache add   type: 'range' }
45 silly addNamed socket.io@>=4.0.1 <4.1.0
46 verbose addNamed ">=4.0.1 <4.1.0" is a valid semver range for socket.io
47 silly addNameRange { name: 'socket.io', range: '>=4.0.1 <4.1.0', hasData: false }
48 silly mapToRegistry name socket.io
49 silly mapToRegistry using default registry
50 silly mapToRegistry registry https://registry.npmjs.org/
51 silly mapToRegistry data Result {
51 silly mapToRegistry   raw: 'socket.io',
51 silly mapToRegistry   scope: null,
51 silly mapToRegistry   name: 'socket.io',
51 silly mapToRegistry   rawSpec: '',
51 silly mapToRegistry   spec: 'latest',
51 silly mapToRegistry   type: 'tag' }
52 silly mapToRegistry uri https://registry.npmjs.org/socket.io
53 verbose addNameRange registry:https://registry.npmjs.org/socket.io not in flight; fetching
54 verbose request uri https://registry.npmjs.org/serialport
55 verbose request no auth needed
56 info attempt registry request try #1 at 10:57:56
57 verbose request id 7e27c62507fff142
58 verbose etag "1XWNQFFTRAIS65B0I8KIWNCYP"
59 http request GET https://registry.npmjs.org/serialport
60 verbose request uri https://registry.npmjs.org/socket.io
61 verbose request no auth needed
62 info attempt registry request try #1 at 10:57:56
63 verbose etag "SD35X0DCRULGT4PW2X8QH50F"
64 http request GET https://registry.npmjs.org/socket.io
65 verbose request uri https://registry.npmjs.org/express
66 verbose request no auth needed
67 info attempt registry request try #1 at 10:57:56
68 verbose etag "9050XTM89O6EG0GUA5KVYHI1E"
69 http request GET https://registry.npmjs.org/express
70 http 304 https://registry.npmjs.org/socket.io
71 verbose headers { date: 'Sat, 06 Aug 2016 08:57:56 GMT',
71 verbose headers   via: '1.1 varnish',
71 verbose headers   'cache-control': 'max-age=300',
71 verbose headers   etag: '"SD35X0DCRULGT4PW2X8QH50F"',
71 verbose headers   age: '138',
71 verbose headers   connection: 'keep-alive',
71 verbose headers   'x-served-by': 'cache-fra1233-FRA',
71 verbose headers   'x-cache': 'HIT',
71 verbose headers   'x-cache-hits': '1',
71 verbose headers   'x-timer': 'S1470473876.702207,VS0,VE0',
71 verbose headers   vary: 'Accept-Encoding' }
72 silly get cb [ 304,
72 silly get   { date: 'Sat, 06 Aug 2016 08:57:56 GMT',
72 silly get     via: '1.1 varnish',
72 silly get     'cache-control': 'max-age=300',
72 silly get     etag: '"SD35X0DCRULGT4PW2X8QH50F"',
72 silly get     age: '138',
72 silly get     connection: 'keep-alive',
72 silly get     'x-served-by': 'cache-fra1233-FRA',
72 silly get     'x-cache': 'HIT',
72 silly get     'x-cache-hits': '1',
72 silly get     'x-timer': 'S1470473876.702207,VS0,VE0',
72 silly get     vary: 'Accept-Encoding' } ]
73 verbose etag https://registry.npmjs.org/socket.io from cache
74 verbose get saving socket.io to /Users/didelco/.npm/registry.npmjs.org/socket.io/.cache.json
75 verbose correctMkdir /Users/didelco/.npm correctMkdir not in flight; initializing
76 http 304 https://registry.npmjs.org/serialport
77 verbose headers { date: 'Sat, 06 Aug 2016 08:57:56 GMT',
77 verbose headers   via: '1.1 varnish',
77 verbose headers   'cache-control': 'max-age=300',
77 verbose headers   etag: '"1XWNQFFTRAIS65B0I8KIWNCYP"',
77 verbose headers   age: '65',
77 verbose headers   connection: 'keep-alive',
77 verbose headers   'x-served-by': 'cache-fra1221-FRA',
77 verbose headers   'x-cache': 'HIT',
77 verbose headers   'x-cache-hits': '1',
77 verbose headers   'x-timer': 'S1470473876.709396,VS0,VE0',
77 verbose headers   vary: 'Accept-Encoding' }
78 silly get cb [ 304,
78 silly get   { date: 'Sat, 06 Aug 2016 08:57:56 GMT',
78 silly get     via: '1.1 varnish',
78 silly get     'cache-control': 'max-age=300',
78 silly get     etag: '"1XWNQFFTRAIS65B0I8KIWNCYP"',
78 silly get     age: '65',
78 silly get     connection: 'keep-alive',
78 silly get     'x-served-by': 'cache-fra1221-FRA',
78 silly get     'x-cache': 'HIT',
78 silly get     'x-cache-hits': '1',
78 silly get     'x-timer': 'S1470473876.709396,VS0,VE0',
78 silly get     vary: 'Accept-Encoding' } ]
79 verbose etag https://registry.npmjs.org/serialport from cache
80 verbose get saving serialport to /Users/didelco/.npm/registry.npmjs.org/serialport/.cache.json
81 verbose correctMkdir /Users/didelco/.npm correctMkdir already in flight; waiting
82 http 304 https://registry.npmjs.org/express
83 verbose headers { date: 'Sat, 06 Aug 2016 08:57:56 GMT',
83 verbose headers   via: '1.1 varnish',
83 verbose headers   'cache-control': 'max-age=300',
83 verbose headers   etag: '"9050XTM89O6EG0GUA5KVYHI1E"',
83 verbose headers   age: '56',
83 verbose headers   connection: 'keep-alive',
83 verbose headers   'x-served-by': 'cache-fra1241-FRA',
83 verbose headers   'x-cache': 'HIT',
83 verbose headers   'x-cache-hits': '2',
83 verbose headers   'x-timer': 'S1470473876.716014,VS0,VE0',
83 verbose headers   vary: 'Accept-Encoding' }
84 silly get cb [ 304,
84 silly get   { date: 'Sat, 06 Aug 2016 08:57:56 GMT',
84 silly get     via: '1.1 varnish',
84 silly get     'cache-control': 'max-age=300',
84 silly get     etag: '"9050XTM89O6EG0GUA5KVYHI1E"',
84 silly get     age: '56',
84 silly get     connection: 'keep-alive',
84 silly get     'x-served-by': 'cache-fra1241-FRA',
84 silly get     'x-cache': 'HIT',
84 silly get     'x-cache-hits': '2',
84 silly get     'x-timer': 'S1470473876.716014,VS0,VE0',
84 silly get     vary: 'Accept-Encoding' } ]
85 verbose etag https://registry.npmjs.org/express from cache
86 verbose get saving express to /Users/didelco/.npm/registry.npmjs.org/express/.cache.json
87 verbose correctMkdir /Users/didelco/.npm correctMkdir not in flight; initializing
88 silly addNameRange number 2 { name: 'socket.io', range: '>=4.0.1 <4.1.0', hasData: true }
89 silly addNameRange versions [ 'socket.io',
89 silly addNameRange   [ '0.3.8',
89 silly addNameRange     '0.4.0',
89 silly addNameRange     '0.4.1',
89 silly addNameRange     '0.5.1',
89 silly addNameRange     '0.5.3',
89 silly addNameRange     '0.6.0',
89 silly addNameRange     '0.6.1',
89 silly addNameRange     '0.6.3',
89 silly addNameRange     '0.6.4',
89 silly addNameRange     '0.6.5',
89 silly addNameRange     '0.6.6',
89 silly addNameRange     '0.6.7',
89 silly addNameRange     '0.6.8',
89 silly addNameRange     '0.6.9',
89 silly addNameRange     '0.6.10',
89 silly addNameRange     '0.6.11',
89 silly addNameRange     '0.6.12',
89 silly addNameRange     '0.6.14',
89 silly addNameRange     '0.6.15',
89 silly addNameRange     '0.6.16',
89 silly addNameRange     '0.6.17',
89 silly addNameRange     '0.6.18',
89 silly addNameRange     '0.7.0',
89 silly addNameRange     '0.7.1',
89 silly addNameRange     '0.7.2',
89 silly addNameRange     '0.7.3',
89 silly addNameRange     '0.7.4',
89 silly addNameRange     '0.7.5',
89 silly addNameRange     '0.7.6',
89 silly addNameRange     '0.7.7',
89 silly addNameRange     '0.7.8',
89 silly addNameRange     '0.7.9',
89 silly addNameRange     '0.7.10',
89 silly addNameRange     '0.7.11',
89 silly addNameRange     '0.8.0',
89 silly addNameRange     '0.8.1',
89 silly addNameRange     '0.8.2',
89 silly addNameRange     '0.8.3',
89 silly addNameRange     '0.8.4',
89 silly addNameRange     '0.8.5',
89 silly addNameRange     '0.8.6',
89 silly addNameRange     '0.8.7',
89 silly addNameRange     '0.9.0',
89 silly addNameRange     '0.9.1',
89 silly addNameRange     '0.9.1-1',
89 silly addNameRange     '0.9.2',
89 silly addNameRange     '0.9.3',
89 silly addNameRange     '0.9.4',
89 silly addNameRange     '0.9.5',
89 silly addNameRange     '0.9.6',
89 silly addNameRange     '0.9.7',
89 silly addNameRange     '0.9.8',
89 silly addNameRange     '0.9.9',
89 silly addNameRange     '0.9.10',
89 silly addNameRange     '0.9.11',
89 silly addNameRange     '0.9.12',
89 silly addNameRange     '0.9.13',
89 silly addNameRange     '0.9.14',
89 silly addNameRange     '0.9.15',
89 silly addNameRange     '0.9.16',
89 silly addNameRange     '1.0.0-pre',
89 silly addNameRange     '1.0.0-pre2',
89 silly addNameRange     '1.0.0-pre3',
89 silly addNameRange     '1.0.0-pre4',
89 silly addNameRange     '1.0.0-pre5',
89 silly addNameRange     '0.9.17',
89 silly addNameRange     '1.0.0',
89 silly addNameRange     '1.0.1',
89 silly addNameRange     '1.0.2',
89 silly addNameRange     '1.0.3',
89 silly addNameRange     '1.0.4',
89 silly addNameRange     '1.0.5',
89 silly addNameRange     '1.0.6',
89 silly addNameRange     '1.1.0',
89 silly addNameRange     '1.2.0',
89 silly addNameRange     '1.2.1',
89 silly addNameRange     '1.3.0',
89 silly addNameRange     '1.3.1',
89 silly addNameRange     '1.3.2',
89 silly addNameRange     '1.3.3',
89 silly addNameRange     '1.3.4',
89 silly addNameRange     '1.3.5',
89 silly addNameRange     '1.3.6',
89 silly addNameRange     '1.3.7',
89 silly addNameRange     '1.4.0',
89 silly addNameRange     '1.4.1',
89 silly addNameRange     '1.4.2',
89 silly addNameRange     '1.4.3',
89 silly addNameRange     '1.4.4',
89 silly addNameRange     '1.4.5',
89 silly addNameRange     '1.4.6',
89 silly addNameRange     '1.4.7',
89 silly addNameRange     '1.4.8' ] ]
90 silly addNameRange number 2 { name: 'serialport', range: '>=1.4.8 <1.5.0', hasData: true }
91 silly addNameRange versions [ 'serialport',
91 silly addNameRange   [ '0.1.0',
91 silly addNameRange     '0.1.1',
91 silly addNameRange     '0.1.3',
91 silly addNameRange     '0.2.0',
91 silly addNameRange     '0.2.2',
91 silly addNameRange     '0.2.3',
91 silly addNameRange     '0.2.4',
91 silly addNameRange     '0.2.5',
91 silly addNameRange     '0.2.6',
91 silly addNameRange     '0.2.7',
91 silly addNameRange     '0.2.8',
91 silly addNameRange     '0.2.9',
91 silly addNameRange     '0.3.0',
91 silly addNameRange     '0.6.0',
91 silly addNameRange     '0.6.1',
91 silly addNameRange     '0.6.2',
91 silly addNameRange     '0.6.3',
91 silly addNameRange     '0.6.5',
91 silly addNameRange     '0.6.6',
91 silly addNameRange     '0.6.7',
91 silly addNameRange     '0.7.0',
91 silly addNameRange     '0.7.1',
91 silly addNameRange     '0.7.2',
91 silly addNameRange     '0.7.3',
91 silly addNameRange     '0.7.4',
91 silly addNameRange     '0.7.5',
91 silly addNameRange     '1.0.0',
91 silly addNameRange     '1.0.1',
91 silly addNameRange     '1.0.2',
91 silly addNameRange     '1.0.3',
91 silly addNameRange     '1.0.4',
91 silly addNameRange     '1.0.5',
91 silly addNameRange     '1.0.6',
91 silly addNameRange     '1.0.7',
91 silly addNameRange     '1.0.8',
91 silly addNameRange     '1.1.0',
91 silly addNameRange     '1.1.1',
91 silly addNameRange     '1.1.3',
91 silly addNameRange     '1.2.0',
91 silly addNameRange     '1.2.1',
91 silly addNameRange     '1.2.2',
91 silly addNameRange     '1.2.3',
91 silly addNameRange     '1.2.4',
91 silly addNameRange     '1.2.5',
91 silly addNameRange     '1.3.0',
91 silly addNameRange     '1.3.1',
91 silly addNameRange     '1.4.0',
91 silly addNameRange     '1.4.1',
91 silly addNameRange     '1.4.2',
91 silly addNameRange     '1.4.5',
91 silly addNameRange     '1.4.6',
91 silly addNameRange     '1.4.8',
91 silly addNameRange     '1.4.9',
91 silly addNameRange     '1.4.10',
91 silly addNameRange     '1.5.0',
91 silly addNameRange     '1.6.1',
91 silly addNameRange     '1.6.2',
91 silly addNameRange     '1.6.3',
91 silly addNameRange     '1.7.0',
91 silly addNameRange     '1.7.1',
91 silly addNameRange     '1.7.3',
91 silly addNameRange     '1.7.4',
91 silly addNameRange     '2.0.0',
91 silly addNameRange     '2.0.1',
91 silly addNameRange     '2.0.2',
91 silly addNameRange     '2.0.3',
91 silly addNameRange     '2.0.4',
91 silly addNameRange     '2.0.5',
91 silly addNameRange     '2.0.6',
91 silly addNameRange     '2.0.7-beta1',
91 silly addNameRange     '2.0.7-beta2',
91 silly addNameRange     '2.0.7-beta3',
91 silly addNameRange     '2.0.7-beta4',
91 silly addNameRange     '2.0.7-beta5',
91 silly addNameRange     '2.1.0',
91 silly addNameRange     '2.1.1',
91 silly addNameRange     '2.1.2',
91 silly addNameRange     '3.0.0',
91 silly addNameRange     '3.0.1',
91 silly addNameRange     '3.1.0',
91 silly addNameRange     '3.1.1',
91 silly addNameRange     '3.1.2-beta1',
91 silly addNameRange     '3.1.2-beta2',
91 silly addNameRange     '3.1.2-beta3',
91 silly addNameRange     '3.1.2-beta5',
91 silly addNameRange     '3.1.2-beta6',
91 silly addNameRange     '3.1.2-beta7',
91 silly addNameRange     '3.1.2',
91 silly addNameRange     '3.2.0-beta1',
91 silly addNameRange     '4.0.0-beta1',
91 silly addNameRange     '4.0.0-beta2',
91 silly addNameRange     '4.0.0-beta3',
91 silly addNameRange     '4.0.0-beta4',
91 silly addNameRange     '4.0.0-rc1',
91 silly addNameRange     '4.0.0',
91 silly addNameRange     '4.0.1' ] ]
92 silly addNamed serialport@1.4.10
93 verbose addNamed "1.4.10" is a plain semver version for serialport
94 silly addNameRange number 2 { name: 'express', range: '>=4.13.4 <4.14.0', hasData: true }
95 silly addNameRange versions [ 'express',
95 silly addNameRange   [ '0.14.0',
95 silly addNameRange     '0.14.1',
95 silly addNameRange     '1.0.0',
95 silly addNameRange     '1.0.1',
95 silly addNameRange     '1.0.2',
95 silly addNameRange     '1.0.3',
95 silly addNameRange     '1.0.4',
95 silly addNameRange     '1.0.5',
95 silly addNameRange     '1.0.6',
95 silly addNameRange     '1.0.7',
95 silly addNameRange     '1.0.8',
95 silly addNameRange     '2.0.0',
95 silly addNameRange     '2.1.0',
95 silly addNameRange     '2.1.1',
95 silly addNameRange     '2.2.0',
95 silly addNameRange     '2.2.1',
95 silly addNameRange     '2.2.2',
95 silly addNameRange     '2.3.0',
95 silly addNameRange     '2.3.1',
95 silly addNameRange     '2.3.2',
95 silly addNameRange     '2.3.3',
95 silly addNameRange     '2.3.4',
95 silly addNameRange     '2.3.5',
95 silly addNameRange     '2.3.6',
95 silly addNameRange     '2.3.7',
95 silly addNameRange     '2.3.8',
95 silly addNameRange     '2.3.9',
95 silly addNameRange     '2.3.10',
95 silly addNameRange     '2.3.11',
95 silly addNameRange     '2.3.12',
95 silly addNameRange     '2.4.0',
95 silly addNameRange     '2.4.1',
95 silly addNameRange     '2.4.2',
95 silly addNameRange     '2.4.3',
95 silly addNameRange     '2.4.4',
95 silly addNameRange     '2.4.5',
95 silly addNameRange     '2.4.6',
95 silly addNameRange     '2.4.7',
95 silly addNameRange     '2.5.0',
95 silly addNameRange     '2.5.1',
95 silly addNameRange     '2.5.2',
95 silly addNameRange     '2.5.3',
95 silly addNameRange     '2.5.4',
95 silly addNameRange     '2.5.5',
95 silly addNameRange     '2.5.6',
95 silly addNameRange     '2.5.7',
95 silly addNameRange     '2.5.8',
95 silly addNameRange     '2.5.9',
95 silly addNameRange     '2.5.10',
95 silly addNameRange     '2.5.11',
95 silly addNameRange     '3.0.0',
95 silly addNameRange     '3.0.1',
95 silly addNameRange     '3.0.2',
95 silly addNameRange     '3.0.3',
95 silly addNameRange     '3.0.4',
95 silly addNameRange     '3.0.5',
95 silly addNameRange     '3.0.6',
95 silly addNameRange     '3.1.0',
95 silly addNameRange     '3.1.1',
95 silly addNameRange     '3.1.2',
95 silly addNameRange     '3.2.0',
95 silly addNameRange     '3.2.1',
95 silly addNameRange     '3.2.2',
95 silly addNameRange     '3.2.3',
95 silly addNameRange     '3.2.4',
95 silly addNameRange     '3.2.5',
95 silly addNameRange     '3.2.6',
95 silly addNameRange     '3.3.0',
95 silly addNameRange     '3.3.1',
95 silly addNameRange     '3.3.2',
95 silly addNameRange     '3.3.3',
95 silly addNameRange     '3.3.4',
95 silly addNameRange     '3.3.5',
95 silly addNameRange     '3.3.6',
95 silly addNameRange     '1.0.0-beta',
95 silly addNameRange     '1.0.0-beta2',
95 silly addNameRange     '1.0.0-rc',
95 silly addNameRange     '1.0.0-rc2',
95 silly addNameRange     '1.0.0-rc3',
95 silly addNameRange     '1.0.0-rc4',
95 silly addNameRange     '2.0.0-beta',
95 silly addNameRange     '2.0.0-beta2',
95 silly addNameRange     '2.0.0-beta3',
95 silly addNameRange     '2.0.0-rc',
95 silly addNameRange     '2.0.0-rc2',
95 silly addNameRange     '2.0.0-rc3',
95 silly addNameRange     '3.0.0-alpha1',
95 silly addNameRange     '3.0.0-alpha2',
95 silly addNameRange     '3.0.0-alpha3',
95 silly addNameRange     '3.0.0-alpha4',
95 silly addNameRange     '3.0.0-alpha5',
95 silly addNameRange     '3.0.0-beta1',
95 silly addNameRange     '3.0.0-beta2',
95 silly addNameRange     '3.0.0-beta3',
95 silly addNameRange     '3.0.0-beta4',
95 silly addNameRange     '3.0.0-beta6',
95 silly addNameRange     '3.0.0-beta7',
95 silly addNameRange     '3.0.0-rc1',
95 silly addNameRange     '3.0.0-rc2',
95 silly addNameRange     '3.0.0-rc3',
95 silly addNameRange     '3.0.0-rc4',
95 silly addNameRange     '3.0.0-rc5',
95 silly addNameRange     '3.3.7',
95 silly addNameRange     '3.3.8',
95 silly addNameRange     '3.4.0',
95 silly addNameRange     '3.4.1',
95 silly addNameRange     '3.4.2',
95 silly addNameRange     '3.4.3',
95 silly addNameRange     '3.4.4',
95 silly addNameRange     '3.4.5',
95 silly addNameRange     '3.4.6',
95 silly addNameRange     '3.4.7',
95 silly addNameRange     '3.4.8',
95 silly addNameRange     '4.0.0-rc1',
95 silly addNameRange     '4.0.0-rc2',
95 silly addNameRange     '3.5.0',
95 silly addNameRange     '4.0.0-rc3',
95 silly addNameRange     '4.0.0-rc4',
95 silly addNameRange     '3.5.1',
95 silly addNameRange     '4.0.0',
95 silly addNameRange     '3.5.2',
95 silly addNameRange     '4.1.0',
95 silly addNameRange     '4.1.1',
95 silly addNameRange     '3.5.3',
95 silly addNameRange     '4.1.2',
95 silly addNameRange     '3.6.0',
95 silly addNameRange     '4.2.0',
95 silly addNameRange     '3.7.0',
95 silly addNameRange     '3.8.0',
95 silly addNameRange     '4.3.0',
95 silly addNameRange     '4.3.1',
95 silly addNameRange     '3.8.1',
95 silly addNameRange     '4.3.2',
95 silly addNameRange     '3.9.0',
95 silly addNameRange     '4.4.0',
95 silly addNameRange     '4.4.1',
95 silly addNameRange     '3.10.0',
95 silly addNameRange     '3.10.1',
95 silly addNameRange     '3.10.2',
95 silly addNameRange     '3.10.3',
95 silly addNameRange     '3.10.4',
95 silly addNameRange     '4.4.2',
95 silly addNameRange     '3.10.5',
95 silly addNameRange     '4.4.3',
95 silly addNameRange     '3.11.0',
95 silly addNameRange     '4.4.4',
95 silly addNameRange     '3.12.0',
95 silly addNameRange     '3.12.1',
95 silly addNameRange     '4.4.5',
95 silly addNameRange     '3.13.0',
95 silly addNameRange     '4.5.0',
95 silly addNameRange     '4.5.1',
95 silly addNameRange     '3.14.0',
95 silly addNameRange     '4.6.0',
95 silly addNameRange     '4.6.1',
95 silly addNameRange     '3.15.0',
95 silly addNameRange     '4.7.0',
95 silly addNameRange     '3.15.1',
95 silly addNameRange     '4.7.1',
95 silly addNameRange     '3.15.2',
95 silly addNameRange     '4.7.2',
95 silly addNameRange     '4.7.3',
95 silly addNameRange     '3.15.3',
95 silly addNameRange     '4.7.4',
95 silly addNameRange     '3.16.0',
95 silly addNameRange     '4.8.0',
95 silly addNameRange     '3.16.1',
95 silly addNameRange     '4.8.1',
95 silly addNameRange     '3.16.2',
95 silly addNameRange     '4.8.2',
95 silly addNameRange     '3.16.3',
95 silly addNameRange     '3.16.4',
95 silly addNameRange     '4.8.3',
95 silly addNameRange     '3.16.5',
95 silly addNameRange     '3.16.6',
95 silly addNameRange     '4.8.4',
95 silly addNameRange     '3.16.7',
95 silly addNameRange     '4.8.5',
95 silly addNameRange     '3.16.8',
95 silly addNameRange     '4.8.6',
95 silly addNameRange     '3.16.9',
95 silly addNameRange     '4.8.7',
95 silly addNameRange     '3.16.10',
95 silly addNameRange     '4.8.8',
95 silly addNameRange     '3.17.0',
95 silly addNameRange     '3.17.1',
95 silly addNameRange     '4.9.0',
95 silly addNameRange     '3.17.2',
95 silly addNameRange     '4.9.1',
95 silly addNameRange     '4.9.2',
95 silly addNameRange     '3.17.3',
95 silly addNameRange     '4.9.3',
95 silly addNameRange     '3.17.4',
95 silly addNameRange     '4.9.4',
95 silly addNameRange     '3.17.5',
95 silly addNameRange     '4.9.5',
95 silly addNameRange     '3.17.6',
95 silly addNameRange     '3.17.7',
95 silly addNameRange     '4.9.6',
95 silly addNameRange     '4.9.7',
95 silly addNameRange     '3.17.8',
95 silly addNameRange     '4.9.8',
95 silly addNameRange     '3.18.0',
95 silly addNameRange     '3.18.1',
95 silly addNameRange     '4.10.0',
95 silly addNameRange     '3.18.2',
95 silly addNameRange     '4.10.1',
95 silly addNameRange     '5.0.0-alpha.1',
95 silly addNameRange     '3.18.3',
95 silly addNameRange     '4.10.2',
95 silly addNameRange     '3.18.4',
95 silly addNameRange     '4.10.3',
95 silly addNameRange     '4.10.4',
95 silly addNameRange     '4.10.5',
95 silly addNameRange     '3.18.5',
95 silly addNameRange     '3.18.6',
95 silly addNameRange     '4.10.6',
95 silly addNameRange     '4.10.7',
95 silly addNameRange     '3.19.0',
95 silly addNameRange     '4.10.8',
95 silly addNameRange     '4.11.0',
95 silly addNameRange     '3.19.1',
95 silly addNameRange     '4.11.1',
95 silly addNameRange     '3.19.2',
95 silly addNameRange     '4.11.2',
95 silly addNameRange     '3.20.0',
95 silly addNameRange     '4.12.0',
95 silly addNameRange     '3.20.1',
95 silly addNameRange     '4.12.1',
95 silly addNameRange     '4.12.2',
95 silly addNameRange     '3.20.2',
95 silly addNameRange     '4.12.3',
95 silly addNameRange     '3.20.3',
95 silly addNameRange     '4.12.4',
95 silly addNameRange     '3.21.0',
95 silly addNameRange     '4.13.0',
95 silly addNameRange     '3.21.1',
95 silly addNameRange     '4.13.1',
95 silly addNameRange     '5.0.0-alpha.2',
95 silly addNameRange     '3.21.2',
95 silly addNameRange     '4.13.2',
95 silly addNameRange     '4.13.3',
95 silly addNameRange     '4.13.4',
95 silly addNameRange     '4.14.0' ] ]
96 silly addNamed express@4.13.4
97 verbose addNamed "4.13.4" is a plain semver version for express
98 silly cache afterAdd express@4.13.4
99 verbose afterAdd /Users/didelco/.npm/express/4.13.4/package/package.json not in flight; writing
100 verbose correctMkdir /Users/didelco/.npm correctMkdir not in flight; initializing
101 silly cache afterAdd serialport@1.4.10
102 verbose afterAdd /Users/didelco/.npm/serialport/1.4.10/package/package.json not in flight; writing
103 verbose correctMkdir /Users/didelco/.npm correctMkdir not in flight; initializing
104 verbose afterAdd /Users/didelco/.npm/serialport/1.4.10/package/package.json written
105 verbose afterAdd /Users/didelco/.npm/express/4.13.4/package/package.json written
106 verbose stack Error: No compatible version found: socket.io@'>=4.0.1 <4.1.0'
106 verbose stack Valid install targets:
106 verbose stack ["0.3.8","0.4.0","0.4.1","0.5.1","0.5.3","0.6.0","0.6.1","0.6.3","0.6.4","0.6.5","0.6.6","0.6.7","0.6.8","0.6.9","0.6.10","0.6.11","0.6.12","0.6.14","0.6.15","0.6.16","0.6.17","0.6.18","0.7.0","0.7.1","0.7.2","0.7.3","0.7.4","0.7.5","0.7.6","0.7.7","0.7.8","0.7.9","0.7.10","0.7.11","0.8.0","0.8.1","0.8.2","0.8.3","0.8.4","0.8.5","0.8.6","0.8.7","0.9.0","0.9.1","0.9.1-1","0.9.2","0.9.3","0.9.4","0.9.5","0.9.6","0.9.7","0.9.8","0.9.9","0.9.10","0.9.11","0.9.12","0.9.13","0.9.14","0.9.15","0.9.16","1.0.0-pre","1.0.0-pre2","1.0.0-pre3","1.0.0-pre4","1.0.0-pre5","0.9.17","1.0.0","1.0.1","1.0.2","1.0.3","1.0.4","1.0.5","1.0.6","1.1.0","1.2.0","1.2.1","1.3.0","1.3.1","1.3.2","1.3.3","1.3.4","1.3.5","1.3.6","1.3.7","1.4.0","1.4.1","1.4.2","1.4.3","1.4.4","1.4.5","1.4.6","1.4.7","1.4.8"]
106 verbose stack
106 verbose stack     at installTargetsError (/usr/local/lib/node_modules/npm/lib/cache/add-named.js:284:12)
106 verbose stack     at next (/usr/local/lib/node_modules/npm/lib/cache/add-named.js:262:19)
106 verbose stack     at setData (/usr/local/lib/node_modules/npm/lib/cache/add-named.js:236:5)
106 verbose stack     at RES (/usr/local/lib/node_modules/npm/node_modules/inflight/inflight.js:23:14)
106 verbose stack     at f (/usr/local/lib/node_modules/npm/node_modules/once/once.js:17:25)
106 verbose stack     at fixName (/usr/local/lib/node_modules/npm/lib/cache/add-named.js:29:5)
106 verbose stack     at saved (/usr/local/lib/node_modules/npm/lib/cache/caching-client.js:173:7)
106 verbose stack     at /usr/local/lib/node_modules/npm/node_modules/graceful-fs/polyfills.js:210:7
106 verbose stack     at FSReqWrap.oncomplete (fs.js:82:15)
107 verbose cwd /Users/didelco/Documents/node/nessy
108 error Darwin 15.6.0
109 error argv "/usr/local/bin/node" "/usr/local/bin/npm" "install"
110 error node v4.4.7
111 error npm  v2.15.8
112 error code ETARGET
113 error notarget No compatible version found: socket.io@'>=4.0.1 <4.1.0'
113 error notarget Valid install targets:
113 error notarget ["0.3.8","0.4.0","0.4.1","0.5.1","0.5.3","0.6.0","0.6.1","0.6.3","0.6.4","0.6.5","0.6.6","0.6.7","0.6.8","0.6.9","0.6.10","0.6.11","0.6.12","0.6.14","0.6.15","0.6.16","0.6.17","0.6.18","0.7.0","0.7.1","0.7.2","0.7.3","0.7.4","0.7.5","0.7.6","0.7.7","0.7.8","0.7.9","0.7.10","0.7.11","0.8.0","0.8.1","0.8.2","0.8.3","0.8.4","0.8.5","0.8.6","0.8.7","0.9.0","0.9.1","0.9.1-1","0.9.2","0.9.3","0.9.4","0.9.5","0.9.6","0.9.7","0.9.8","0.9.9","0.9.10","0.9.11","0.9.12","0.9.13","0.9.14","0.9.15","0.9.16","1.0.0-pre","1.0.0-pre2","1.0.0-pre3","1.0.0-pre4","1.0.0-pre5","0.9.17","1.0.0","1.0.1","1.0.2","1.0.3","1.0.4","1.0.5","1.0.6","1.1.0","1.2.0","1.2.1","1.3.0","1.3.1","1.3.2","1.3.3","1.3.4","1.3.5","1.3.6","1.3.7","1.4.0","1.4.1","1.4.2","1.4.3","1.4.4","1.4.5","1.4.6","1.4.7","1.4.8"]
113 error notarget
113 error notarget This is most likely not a problem with npm itself.
113 error notarget In most cases you or one of your dependencies are requesting
113 error notarget a package version that doesn't exist.
113 error notarget
113 error notarget It was specified as a dependency of 'nessy'
114 verbose exit [ 1, true ]
